<?xml version="1.0" encoding="UTF-8"?>
<!-- Generated by org.testng.reporters.JUnitReportReporter -->
<testsuite hostname="DESKTOP-M03O496" failures="0" tests="3" name="TestRunner.Runner" time="9.853" errors="0" timestamp="2024-01-21T00:15:44 IST" skipped="0">
  <testcase classname="TestRunner.Runner" name="runScenario" time="8.913"/>
  <system-out/>
  <testcase classname="TestRunner.Runner" name="runScenario" time="0.622"/>
  <system-out/>
  <testcase classname="TestRunner.Runner" name="runScenario" time="0.318"/>
  <system-out/>
</testsuite> <!-- TestRunner.Runner -->
