<?xml version="1.0" encoding="UTF-8"?>
<!-- Generated by org.testng.reporters.JUnitReportReporter -->
<testsuite hostname="Kajal" failures="0" tests="1" name="TestRunner.Runner" time="30.582" errors="0" timestamp="2024-01-20T22:45:43 IST" skipped="0">
  <testcase classname="TestRunner.Runner" name="runScenario" time="30.582"/>
  <system-out/>
</testsuite> <!-- TestRunner.Runner -->
