<?xml version="1.0" encoding="UTF-8"?>
<!-- Generated by org.testng.reporters.JUnitReportReporter -->
<testsuite hostname="LAPTOP-6QKOH622" failures="0" tests="2" name="TestRunner.Runner" time="12.514" errors="0" timestamp="2024-01-20T23:55:27 IST" skipped="0">
  <testcase classname="TestRunner.Runner" name="runScenario" time="11.289"/>
  <system-out/>
  <testcase classname="TestRunner.Runner" name="runScenario" time="1.225"/>
  <system-out/>
</testsuite> <!-- TestRunner.Runner -->
