<?xml version="1.0" encoding="UTF-8"?>
<!-- Generated by org.testng.reporters.JUnitReportReporter -->
<testsuite hostname="Mahesh-PC" failures="0" tests="4" name="TestRunner.Runner" time="9.357" errors="0" timestamp="2024-01-21T00:42:05 IST" skipped="0">
  <testcase classname="TestRunner.Runner" name="runScenario" time="0.341"/>
  <system-out/>
  <testcase classname="TestRunner.Runner" name="runScenario" time="6.831"/>
  <system-out/>
  <testcase classname="TestRunner.Runner" name="runScenario" time="1.602"/>
  <system-out/>
  <testcase classname="TestRunner.Runner" name="runScenario" time="0.583"/>
  <system-out/>
</testsuite> <!-- TestRunner.Runner -->
